<?xml version="1.0" encoding="UTF-8" ?>
<testsuites>
  <testsuite errors="0" failures="0" hostname="Nico" id="0" name="ContractRegistrationTests" package="le.space" tests="5" time="146.189" timestamp="2011-03-02T13:13:07">
      <properties />

      <testcase classname="le.space.ContractRegistrationTests" name="testAddDayTicket" time="98.275" />

      <testcase classname="le.space.ContractRegistrationTests" name="testAddDayTicketFailure" time="13.811" />

      <testcase classname="le.space.ContractRegistrationTests" name="testAddReverseChargeSystemContract" time="18.01" />

      <testcase classname="le.space.ContractRegistrationTests" name="testAdd10DayTicket" time="12.388" />

      <testcase classname="le.space.ContractRegistrationTests" name="testCustomerPublicationOnWebsite" time="3.592" />

      <system-out><![CDATA[--Output from testAddDayTicket--
Server And Context from config file: set [:]
Request servlet path: /grails/public/step3.dispatch
Request with context: http://localhost:8080/le-space
context only: /le-space
Server And Context from config file: set [:]
Request servlet path: /grails/public/step3.dispatch
Request with context: http://localhost:8080/le-space
context only: /le-space
Server And Context from config file: set [:]
Request servlet path: /grails/public/step3.dispatch
Request with context: http://localhost:8080/le-space
context only: /le-space
Server And Context from config file: set [:]
Request servlet path: /grails/public/register.dispatch
Request with context: http://localhost:8080/le-space
context only: /le-space
--Output from testAddDayTicketFailure--
Server And Context from config file: set [:]
Request servlet path: /grails/public/step2.dispatch
Request with context: http://localhost:8080/le-space
context only: /le-space
--Output from testAddReverseChargeSystemContract--
Server And Context from config file: set [:]
Request servlet path: /grails/public/step2.dispatch
Request with context: http://localhost:8080/le-space
context only: /le-space
Server And Context from config file: set [:]
Request servlet path: /grails/public/register.dispatch
Request with context: http://localhost:8080/le-space
context only: /le-space
--Output from testAdd10DayTicket--
Server And Context from config file: set [:]
Request servlet path: /grails/public/step2.dispatch
Request with context: http://localhost:8080/le-space
context only: /le-space
Server And Context from config file: set [:]
Request servlet path: /grails/public/step2.dispatch
Request with context: http://localhost:8080/le-space
context only: /le-space
Server And Context from config file: set [:]
Request servlet path: /grails/public/register.dispatch
Request with context: http://localhost:8080/le-space
context only: /le-space
--Output from testCustomerPublicationOnWebsite--
]]></system-out>

      <system-err><![CDATA[--Output from testAddDayTicket--
--Output from testAddDayTicketFailure--
--Output from testAddReverseChargeSystemContract--
--Output from testAdd10DayTicket--
--Output from testCustomerPublicationOnWebsite--
]]></system-err>

  </testsuite>
  <testsuite errors="1" failures="0" hostname="Nico" id="1" name="ProfileTests" package="le.space" tests="2" time="56.904" timestamp="2011-03-02T13:15:33">
      <properties />

      <testcase classname="le.space.ProfileTests" name="testPassword" time="41.336">
          <error message="WebTest le.space.ProfileTests.testPassword has failed. See WebTestReport for details." type="java.lang.RuntimeException">java.lang.RuntimeException: WebTest le.space.ProfileTests.testPassword has failed. See WebTestReport for details.
	at org.grails.plugins.webtest.WebTestStatement.evaluate(WebTestStatement.groovy:46)
</error>

      </testcase>

      <testcase classname="le.space.ProfileTests" name="testCustomerData" time="15.526" />

      <system-out><![CDATA[--Output from testPassword--
Webtest failure: : Step[verifyText (9/18)]: Text not found in page. Expected <login.failed.wrongPassword>, Step: VerifyText at :  with (taskName="verifyText")
--Output from testCustomerData--
]]></system-out>

      <system-err><![CDATA[--Output from testPassword--
--Output from testCustomerData--
]]></system-err>

  </testsuite>
</testsuites>
