<?xml version="1.0" encoding="UTF-8" ?>
<testsuites>
  <testsuite errors="0" failures="0" hostname="Nico.local" id="0" name="ContractRegistrationTests" package="le.space" tests="4" time="114.074" timestamp="2011-02-27T20:33:04">
      <properties />

      <testcase classname="le.space.ContractRegistrationTests" name="testAddDayTicket" time="79.711" />

      <testcase classname="le.space.ContractRegistrationTests" name="testAddReverseChargeSystemContract" time="17.359" />

      <testcase classname="le.space.ContractRegistrationTests" name="testAdd10DayTicket" time="13.569" />

      <testcase classname="le.space.ContractRegistrationTests" name="testCustomerPublicationOnWebsite" time="3.352" />

      <system-out><![CDATA[--Output from testAddDayTicket--
Server And Context from config file: set [:]
Request servlet path: /grails/public/step3.dispatch
Request with context: http://localhost:8080/le-space
context only: /le-space
Server And Context from config file: set [:]
Request servlet path: /grails/public/step3.dispatch
Request with context: http://localhost:8080/le-space
context only: /le-space
Server And Context from config file: set [:]
Request servlet path: /grails/public/step3.dispatch
Request with context: http://localhost:8080/le-space
context only: /le-space
Server And Context from config file: set [:]
Request servlet path: /grails/public/register.dispatch
Request with context: http://localhost:8080/le-space
context only: /le-space
--Output from testAddReverseChargeSystemContract--
Server And Context from config file: set [:]
Request servlet path: /grails/public/step2.dispatch
Request with context: http://localhost:8080/le-space
context only: /le-space
Server And Context from config file: set [:]
Request servlet path: /grails/public/register.dispatch
Request with context: http://localhost:8080/le-space
context only: /le-space
--Output from testAdd10DayTicket--
Server And Context from config file: set [:]
Request servlet path: /grails/public/step2.dispatch
Request with context: http://localhost:8080/le-space
context only: /le-space
Server And Context from config file: set [:]
Request servlet path: /grails/public/step2.dispatch
Request with context: http://localhost:8080/le-space
context only: /le-space
Server And Context from config file: set [:]
Request servlet path: /grails/public/register.dispatch
Request with context: http://localhost:8080/le-space
context only: /le-space
--Output from testCustomerPublicationOnWebsite--
]]></system-out>

      <system-err><![CDATA[--Output from testAddDayTicket--
--Output from testAddReverseChargeSystemContract--
--Output from testAdd10DayTicket--
--Output from testCustomerPublicationOnWebsite--
]]></system-err>

  </testsuite>
  <testsuite errors="1" failures="0" hostname="Nico.local" id="1" name="ProfileTests" package="le.space" tests="2" time="52.291" timestamp="2011-02-27T20:34:58">
      <properties />

      <testcase classname="le.space.ProfileTests" name="testPassword" time="37.82">
          <error message="WebTest le.space.ProfileTests.testPassword has failed. See WebTestReport for details." type="java.lang.RuntimeException">java.lang.RuntimeException: WebTest le.space.ProfileTests.testPassword has failed. See WebTestReport for details.
	at org.grails.plugins.webtest.WebTestStatement.evaluate(WebTestStatement.groovy:46)
</error>

      </testcase>

      <testcase classname="le.space.ProfileTests" name="testCustomerData" time="14.459" />

      <system-out><![CDATA[--Output from testPassword--
Webtest failure: : JavaScript error loading page http://localhost:8080/le-space/contract/profile: ReferenceError: "Effect" is not defined. (script in http://localhost:8080/le-space/contract/profile from (1408, 32) to (1428, 10)#1416)
--Output from testCustomerData--
]]></system-out>

      <system-err><![CDATA[--Output from testPassword--
--Output from testCustomerData--
]]></system-err>

  </testsuite>
</testsuites>
