<?xml version="1.0" encoding="UTF-8" ?>
<testsuites>
  <testsuite errors="0" failures="0" hostname="Nico.local" id="0" name="ContractRegistrationTests" package="le.space" tests="4" time="117.356" timestamp="2011-01-13T13:12:36">
      <properties />

      <testcase classname="le.space.ContractRegistrationTests" name="testAddDayTicket" time="92.843" />

      <testcase classname="le.space.ContractRegistrationTests" name="testAddReverseChargeSystemContract" time="9.077" />

      <testcase classname="le.space.ContractRegistrationTests" name="testAdd10DayTicket" time="12.484" />

      <testcase classname="le.space.ContractRegistrationTests" name="testCustomerPublicationOnWebsite" time="2.816" />

      <system-out><![CDATA[--Output from testAddDayTicket--
url: http://localhost:8081/le-space/ secureServerUrl: https://localhost:8443/le-space 
Server And Context from config file: set http://localhost:8081/le-space/
Request servlet path: /grails/public/step3.dispatch
Request with context: http://localhost:8080/le-space
context only: /le-space
Server And Context from config file: set http://localhost:8081/le-space/
Request servlet path: /grails/public/step3.dispatch
Request with context: http://localhost:8080/le-space
context only: /le-space
Server And Context from config file: set http://localhost:8081/le-space/
Request servlet path: /grails/public/step3.dispatch
Request with context: http://localhost:8080/le-space
context only: /le-space
Server And Context from config file: set http://localhost:8081/le-space/
Request servlet path: /grails/public/register.dispatch
Request with context: http://localhost:8080/le-space
context only: /le-space
--Output from testAddReverseChargeSystemContract--
url: http://localhost:8081/le-space/ secureServerUrl: https://localhost:8443/le-space 
Server And Context from config file: set http://localhost:8081/le-space/
Request servlet path: /grails/public/step2.dispatch
Request with context: http://localhost:8080/le-space
context only: /le-space
Server And Context from config file: set http://localhost:8081/le-space/
Request servlet path: /grails/public/register.dispatch
Request with context: http://localhost:8080/le-space
context only: /le-space
--Output from testAdd10DayTicket--
url: http://localhost:8081/le-space/ secureServerUrl: https://localhost:8443/le-space 
Server And Context from config file: set http://localhost:8081/le-space/
Request servlet path: /grails/public/step2.dispatch
Request with context: http://localhost:8080/le-space
context only: /le-space
Server And Context from config file: set http://localhost:8081/le-space/
Request servlet path: /grails/public/step2.dispatch
Request with context: http://localhost:8080/le-space
context only: /le-space
Server And Context from config file: set http://localhost:8081/le-space/
Request servlet path: /grails/public/register.dispatch
Request with context: http://localhost:8080/le-space
context only: /le-space
--Output from testCustomerPublicationOnWebsite--
url: http://localhost:8081/le-space/ secureServerUrl: https://localhost:8443/le-space 
]]></system-out>

      <system-err><![CDATA[--Output from testAddDayTicket--
--Output from testAddReverseChargeSystemContract--
--Output from testAdd10DayTicket--
--Output from testCustomerPublicationOnWebsite--
]]></system-err>

  </testsuite>
</testsuites>
